[10-Mar-2019 18:12:15 Asia/Kolkata] PHP Warning:  require_once(lib/Log.php): failed to open stream: Permission denied in /home/kash/Cactz/Projects/meet app/src/connectIt/USSD-PHP-API-master/listener.php on line 11
[10-Mar-2019 18:12:15 Asia/Kolkata] PHP Fatal error:  require_once(): Failed opening required 'lib/Log.php' (include_path='.:/usr/share/php') in /home/kash/Cactz/Projects/meet app/src/connectIt/USSD-PHP-API-master/listener.php on line 11
[10-Mar-2019 18:16:51 Asia/Kolkata] PHP Warning:  require_once(lib/Log.php): failed to open stream: Permission denied in /home/kash/Cactz/Projects/meet app/src/connectIt/USSD-PHP-API-master/listener.php on line 11
[10-Mar-2019 18:16:51 Asia/Kolkata] PHP Fatal error:  require_once(): Failed opening required 'lib/Log.php' (include_path='.:/usr/share/php') in /home/kash/Cactz/Projects/meet app/src/connectIt/USSD-PHP-API-master/listener.php on line 11
[10-Mar-2019 18:17:16 Asia/Kolkata] PHP Warning:  require_once(lib/Log.php): failed to open stream: Permission denied in /home/kash/Cactz/Projects/meet app/src/connectIt/USSD-PHP-API-master/listener.php on line 11
[10-Mar-2019 18:17:16 Asia/Kolkata] PHP Fatal error:  require_once(): Failed opening required 'lib/Log.php' (include_path='.:/usr/share/php') in /home/kash/Cactz/Projects/meet app/src/connectIt/USSD-PHP-API-master/listener.php on line 11
[10-Mar-2019 18:20:29 Asia/Kolkata] PHP Warning:  require_once(lib/Log.php): failed to open stream: Permission denied in /home/kash/Cactz/Projects/meet app/src/connectIt/USSD-PHP-API-master/listener.php on line 11
[10-Mar-2019 18:20:29 Asia/Kolkata] PHP Fatal error:  require_once(): Failed opening required 'lib/Log.php' (include_path='.:/usr/share/php') in /home/kash/Cactz/Projects/meet app/src/connectIt/USSD-PHP-API-master/listener.php on line 11
[10-Mar-2019 18:20:37 Asia/Kolkata] PHP Warning:  require_once(lib/Log.php): failed to open stream: Permission denied in /home/kash/Cactz/Projects/meet app/src/connectIt/USSD-PHP-API-master/listener.php on line 11
[10-Mar-2019 18:20:37 Asia/Kolkata] PHP Fatal error:  require_once(): Failed opening required 'lib/Log.php' (include_path='.:/usr/share/php') in /home/kash/Cactz/Projects/meet app/src/connectIt/USSD-PHP-API-master/listener.php on line 11
[10-Mar-2019 18:25:54 Asia/Kolkata] PHP Warning:  require_once(lib/Log.php): failed to open stream: Permission denied in /home/kash/Cactz/Projects/meet app/src/connectIt/USSD-PHP-API-master/listener.php on line 11
[10-Mar-2019 18:25:54 Asia/Kolkata] PHP Fatal error:  require_once(): Failed opening required 'lib/Log.php' (include_path='.:/usr/share/php') in /home/kash/Cactz/Projects/meet app/src/connectIt/USSD-PHP-API-master/listener.php on line 11
[10-Mar-2019 18:26:06 Asia/Kolkata] PHP Warning:  require_once(lib/Log.php): failed to open stream: Permission denied in /home/kash/Cactz/Projects/meet app/src/connectIt/USSD-PHP-API-master/listener.php on line 11
[10-Mar-2019 18:26:06 Asia/Kolkata] PHP Fatal error:  require_once(): Failed opening required 'lib/Log.php' (include_path='.:/usr/share/php') in /home/kash/Cactz/Projects/meet app/src/connectIt/USSD-PHP-API-master/listener.php on line 11
[10-Mar-2019 18:28:03 Asia/Kolkata] PHP Warning:  require_once(lib/Log.php): failed to open stream: Permission denied in /home/kash/Cactz/Projects/meet app/src/connectIt/USSD-PHP-API-master/listener.php on line 11
[10-Mar-2019 18:28:03 Asia/Kolkata] PHP Fatal error:  require_once(): Failed opening required 'lib/Log.php' (include_path='.:/usr/share/php') in /home/kash/Cactz/Projects/meet app/src/connectIt/USSD-PHP-API-master/listener.php on line 11
[10-Mar-2019 18:28:04 Asia/Kolkata] PHP Warning:  require_once(lib/Log.php): failed to open stream: Permission denied in /home/kash/Cactz/Projects/meet app/src/connectIt/USSD-PHP-API-master/listener.php on line 11
[10-Mar-2019 18:28:04 Asia/Kolkata] PHP Fatal error:  require_once(): Failed opening required 'lib/Log.php' (include_path='.:/usr/share/php') in /home/kash/Cactz/Projects/meet app/src/connectIt/USSD-PHP-API-master/listener.php on line 11
[10-Mar-2019 18:31:18 Asia/Kolkata] PHP Warning:  require_once(lib/Log.php): failed to open stream: Permission denied in /home/kash/Cactz/Projects/meetapp/src/connectIt/USSD-PHP-API-master/listener.php on line 11
[10-Mar-2019 18:31:18 Asia/Kolkata] PHP Fatal error:  require_once(): Failed opening required 'lib/Log.php' (include_path='.:/usr/share/php') in /home/kash/Cactz/Projects/meetapp/src/connectIt/USSD-PHP-API-master/listener.php on line 11
[10-Mar-2019 19:46:55 Asia/Colombo] act
[10-Mar-2019 19:47:38 Asia/Colombo] act
[10-Mar-2019 19:48:07 Asia/Colombo] act
[10-Mar-2019 20:41:32 Asia/Colombo] act
[10-Mar-2019 20:41:46 Asia/Colombo] acta
[10-Mar-2019 20:42:06 Asia/Colombo] acta
[10-Mar-2019 21:24:33 Asia/Colombo] acta
[10-Mar-2019 21:24:33 Asia/Colombo] addresstel:8801866742388
[10-Mar-2019 21:25:36 Asia/Colombo] acta
[10-Mar-2019 21:25:36 Asia/Colombo] addresstel:8801866742388
[10-Mar-2019 21:25:48 Asia/Colombo] acta
[10-Mar-2019 21:25:48 Asia/Colombo] addresstel:8801866742389
[10-Mar-2019 21:26:16 Asia/Colombo] acta
[10-Mar-2019 21:26:16 Asia/Colombo] addresstel:8801866742389
[10-Mar-2019 21:30:27 Asia/Colombo] acta
[10-Mar-2019 21:30:27 Asia/Colombo] addresstel:8801866742388
[10-Mar-2019 21:30:48 Asia/Colombo] acta
[10-Mar-2019 21:30:48 Asia/Colombo] addresstel:8801866742388
[10-Mar-2019 22:53:47 Asia/Colombo] PHP Notice:  Undefined offset: 2 in /home/kash/Cactz/Projects/meetapp/src/connectIt/USSD-PHP-API-master/listener.php on line 34
[10-Mar-2019 22:53:47 Asia/Colombo] PHP Notice:  Undefined variable: opt in /home/kash/Cactz/Projects/meetapp/src/connectIt/USSD-PHP-API-master/listener.php on line 35
[10-Mar-2019 22:53:47 Asia/Colombo] 
[10-Mar-2019 22:53:47 Asia/Colombo] addresstel:8801866742388
[10-Mar-2019 22:54:12 Asia/Colombo] PHP Notice:  Undefined offset: 2 in /home/kash/Cactz/Projects/meetapp/src/connectIt/USSD-PHP-API-master/listener.php on line 34
[10-Mar-2019 22:54:12 Asia/Colombo] PHP Notice:  Undefined variable: opt in /home/kash/Cactz/Projects/meetapp/src/connectIt/USSD-PHP-API-master/listener.php on line 35
[10-Mar-2019 22:54:12 Asia/Colombo] 
[10-Mar-2019 22:54:12 Asia/Colombo] addresstel:8801866742388
[10-Mar-2019 22:54:23 Asia/Colombo] PHP Notice:  Undefined variable: opt in /home/kash/Cactz/Projects/meetapp/src/connectIt/USSD-PHP-API-master/listener.php on line 35
[10-Mar-2019 22:54:23 Asia/Colombo] 
[10-Mar-2019 22:54:23 Asia/Colombo] addresstel:8801866742388
[10-Mar-2019 23:06:17 Asia/Colombo] addresstel:8801866742388
[10-Mar-2019 23:08:17 Asia/Colombo] addresstel:8801866742388
[10-Mar-2019 23:09:00 Asia/Colombo] addresstel:8801866742388
[10-Mar-2019 23:09:27 Asia/Colombo] addresstel:8801866742388
[10-Mar-2019 23:09:27 Asia/Colombo] PHP Notice:  Undefined variable: r in /home/kash/Cactz/Projects/meetapp/src/connectIt/USSD-PHP-API-master/listener.php on line 42
[10-Mar-2019 23:09:27 Asia/Colombo] qqqq--- 
[10-Mar-2019 23:09:27 Asia/Colombo] false
[10-Mar-2019 23:09:58 Asia/Colombo] addresstel:8801866742388
[10-Mar-2019 23:09:58 Asia/Colombo] qqqq--- SELECT * FROM tbl_subscriber WHERE `msisdn` = 8801866742388
[10-Mar-2019 23:09:58 Asia/Colombo] false
[10-Mar-2019 23:10:54 Asia/Colombo] addresstel:8801866742387
[10-Mar-2019 23:10:54 Asia/Colombo] qqqq--- SELECT * FROM tbl_subscriber WHERE `msisdn` = 8801866742387
[10-Mar-2019 23:10:54 Asia/Colombo] {"id":"1","name":"Kavinda Rochana","sex":"1","age":"25","msisdn":"8801866742387","create_ts":"2019-02-18 18:35:37","update_ts":"2019-02-18 18:35:37"}
[10-Mar-2019 23:24:04 Asia/Colombo] addresstel:8801866742387
[10-Mar-2019 23:24:04 Asia/Colombo] qqqq--- SELECT * FROM tbl_subscriber WHERE `msisdn` = 8801866742387
[10-Mar-2019 23:24:04 Asia/Colombo] {"id":"1","name":"Kavinda Rochana","sex":"1","age":"25","msisdn":"8801866742387","create_ts":"2019-02-18 18:35:37","update_ts":"2019-02-18 18:35:37"}
[10-Mar-2019 23:24:04 Asia/Colombo] false
[10-Mar-2019 23:24:35 Asia/Colombo] addresstel:8801866742387
[10-Mar-2019 23:24:35 Asia/Colombo] qqqq--- SELECT * FROM tbl_subscriber WHERE `msisdn` = 8801866742387
[10-Mar-2019 23:24:35 Asia/Colombo] {"id":"1","name":"Kavinda Rochana","sex":"1","age":"25","msisdn":"8801866742387","create_ts":"2019-02-18 18:35:37","update_ts":"2019-02-18 18:35:37"}
[10-Mar-2019 23:24:35 Asia/Colombo] false
[10-Mar-2019 23:25:02 Asia/Colombo] addresstel:8801866742387
[10-Mar-2019 23:25:02 Asia/Colombo] qqqq--- SELECT * FROM tbl_subscriber WHERE `msisdn` = 8801866742387
[10-Mar-2019 23:25:02 Asia/Colombo] {"id":"1","name":"Kavinda Rochana","sex":"1","age":"25","msisdn":"8801866742387","create_ts":"2019-02-18 18:35:37","update_ts":"2019-02-18 18:35:37"}
[10-Mar-2019 23:25:02 Asia/Colombo] false
[10-Mar-2019 23:25:16 Asia/Colombo] addresstel:8801866742387
[10-Mar-2019 23:25:16 Asia/Colombo] qqqq--- SELECT * FROM tbl_subscriber WHERE `msisdn` = 8801866742387
[10-Mar-2019 23:25:16 Asia/Colombo] {"id":"1","name":"Kavinda Rochana","sex":"1","age":"25","msisdn":"8801866742387","create_ts":"2019-02-18 18:35:37","update_ts":"2019-02-18 18:35:37"}
[10-Mar-2019 23:25:16 Asia/Colombo] false
